C:\USERS\MAC\DOCUMENTS\VISUAL STUDIO 2012\PROJECTS\TANK2\TANK2\DEBUG\CREATE_GAME.OBJ
C:\USERS\MAC\DOCUMENTS\VISUAL STUDIO 2012\PROJECTS\TANK2\TANK2\DEBUG\LINKLIST.OBJ
C:\USERS\MAC\DOCUMENTS\VISUAL STUDIO 2012\PROJECTS\TANK2\TANK2\DEBUG\UI.OBJ
C:\USERS\MAC\DOCUMENTS\VISUAL STUDIO 2012\PROJECTS\TANK2\TANK2\DEBUG\VC110.PDB
C:\USERS\MAC\DOCUMENTS\VISUAL STUDIO 2012\PROJECTS\TANK2\TANK2\DEBUG\TANK.OBJ
C:\USERS\MAC\DESKTOP\TANK2备份\TANK2\DEBUG\CREATE_GAME.OBJ
C:\USERS\MAC\DESKTOP\TANK2备份\TANK2\DEBUG\LINKLIST.OBJ
C:\USERS\MAC\DESKTOP\TANK2备份\TANK2\DEBUG\TANK.OBJ
C:\USERS\MAC\DESKTOP\TANK2备份\TANK2\DEBUG\UI.OBJ
C:\USERS\MAC\DESKTOP\TANK2备份\TANK2\DEBUG\VC110.PDB
C:\USERS\MAC\DESKTOP\TANK GAME 最终版\TANK2\DEBUG\CREATE_GAME.OBJ
C:\USERS\MAC\DESKTOP\TANK GAME 最终版\TANK2\DEBUG\TANK.OBJ
C:\USERS\MAC\DESKTOP\TANK GAME 最终版\TANK2\DEBUG\UI.OBJ
C:\USERS\MAC\DESKTOP\TANK GAME 最终版\TANK2\DEBUG\VC110.PDB
C:\USERS\MAC\DOCUMENTS\VISUAL STUDIO 2012\PROJECTS\TANK2\DEBUG\TANK2.ILK
C:\USERS\MAC\DOCUMENTS\VISUAL STUDIO 2012\PROJECTS\TANK2\DEBUG\TANK2.EXE
C:\USERS\MAC\DOCUMENTS\VISUAL STUDIO 2012\PROJECTS\TANK2\DEBUG\TANK2.PDB
C:\USERS\MAC\DESKTOP\TANK2备份\DEBUG\TANK2.ILK
C:\USERS\MAC\DESKTOP\TANK2备份\DEBUG\TANK2.EXE
C:\USERS\MAC\DESKTOP\TANK2备份\DEBUG\TANK2.PDB
C:\USERS\MAC\DESKTOP\TANK GAME 最终版\DEBUG\TANK2.ILK
C:\USERS\MAC\DESKTOP\TANK GAME 最终版\DEBUG\TANK2.EXE
C:\USERS\MAC\DESKTOP\TANK GAME 最终版\DEBUG\TANK2.PDB
C:\Users\mac\Desktop\tank game 最终版\Tank2\Debug\create_game.obj
C:\Users\mac\Desktop\tank game 最终版\Tank2\Debug\LinkList.obj
C:\Users\mac\Desktop\tank game 最终版\Tank2\Debug\tank.obj
C:\Users\mac\Desktop\tank game 最终版\Tank2\Debug\ui.obj
C:\Users\mac\Desktop\tank game 最终版\Tank2\Debug\cl.command.1.tlog
C:\Users\mac\Desktop\tank game 最终版\Tank2\Debug\CL.read.1.tlog
C:\Users\mac\Desktop\tank game 最终版\Tank2\Debug\CL.write.1.tlog
C:\Users\mac\Desktop\tank game 最终版\Tank2\Debug\link-cvtres.read.1.tlog
C:\Users\mac\Desktop\tank game 最终版\Tank2\Debug\link-cvtres.write.1.tlog
C:\Users\mac\Desktop\tank game 最终版\Tank2\Debug\link-rc.read.1.tlog
C:\Users\mac\Desktop\tank game 最终版\Tank2\Debug\link-rc.write.1.tlog
C:\Users\mac\Desktop\tank game 最终版\Tank2\Debug\link.1996-cvtres.read.1.tlog
C:\Users\mac\Desktop\tank game 最终版\Tank2\Debug\link.1996-cvtres.write.1.tlog
C:\Users\mac\Desktop\tank game 最终版\Tank2\Debug\link.1996-rc.read.1.tlog
C:\Users\mac\Desktop\tank game 最终版\Tank2\Debug\link.1996-rc.write.1.tlog
C:\Users\mac\Desktop\tank game 最终版\Tank2\Debug\link.1996.read.1.tlog
C:\Users\mac\Desktop\tank game 最终版\Tank2\Debug\link.1996.write.1.tlog
C:\Users\mac\Desktop\tank game 最终版\Tank2\Debug\link.2016-cvtres.read.1.tlog
C:\Users\mac\Desktop\tank game 最终版\Tank2\Debug\link.2016-cvtres.write.1.tlog
C:\Users\mac\Desktop\tank game 最终版\Tank2\Debug\link.2016-rc.read.1.tlog
C:\Users\mac\Desktop\tank game 最终版\Tank2\Debug\link.2016-rc.write.1.tlog
C:\Users\mac\Desktop\tank game 最终版\Tank2\Debug\link.2016.read.1.tlog
C:\Users\mac\Desktop\tank game 最终版\Tank2\Debug\link.2016.write.1.tlog
C:\Users\mac\Desktop\tank game 最终版\Tank2\Debug\link.2416-cvtres.read.1.tlog
C:\Users\mac\Desktop\tank game 最终版\Tank2\Debug\link.2416-cvtres.write.1.tlog
C:\Users\mac\Desktop\tank game 最终版\Tank2\Debug\link.2416-rc.read.1.tlog
C:\Users\mac\Desktop\tank game 最终版\Tank2\Debug\link.2416-rc.write.1.tlog
C:\Users\mac\Desktop\tank game 最终版\Tank2\Debug\link.2416.read.1.tlog
C:\Users\mac\Desktop\tank game 最终版\Tank2\Debug\link.2416.write.1.tlog
C:\Users\mac\Desktop\tank game 最终版\Tank2\Debug\link.2452-cvtres.read.1.tlog
C:\Users\mac\Desktop\tank game 最终版\Tank2\Debug\link.2452-cvtres.write.1.tlog
C:\Users\mac\Desktop\tank game 最终版\Tank2\Debug\link.2452-rc.read.1.tlog
C:\Users\mac\Desktop\tank game 最终版\Tank2\Debug\link.2452-rc.write.1.tlog
C:\Users\mac\Desktop\tank game 最终版\Tank2\Debug\link.2452.read.1.tlog
C:\Users\mac\Desktop\tank game 最终版\Tank2\Debug\link.2452.write.1.tlog
C:\Users\mac\Desktop\tank game 最终版\Tank2\Debug\link.3232-cvtres.read.1.tlog
C:\Users\mac\Desktop\tank game 最终版\Tank2\Debug\link.3232-cvtres.write.1.tlog
C:\Users\mac\Desktop\tank game 最终版\Tank2\Debug\link.3232-rc.read.1.tlog
C:\Users\mac\Desktop\tank game 最终版\Tank2\Debug\link.3232-rc.write.1.tlog
C:\Users\mac\Desktop\tank game 最终版\Tank2\Debug\link.3232.read.1.tlog
C:\Users\mac\Desktop\tank game 最终版\Tank2\Debug\link.3232.write.1.tlog
C:\Users\mac\Desktop\tank game 最终版\Tank2\Debug\link.3372-cvtres.read.1.tlog
C:\Users\mac\Desktop\tank game 最终版\Tank2\Debug\link.3372-cvtres.write.1.tlog
C:\Users\mac\Desktop\tank game 最终版\Tank2\Debug\link.3372-rc.read.1.tlog
C:\Users\mac\Desktop\tank game 最终版\Tank2\Debug\link.3372-rc.write.1.tlog
C:\Users\mac\Desktop\tank game 最终版\Tank2\Debug\link.3372.read.1.tlog
C:\Users\mac\Desktop\tank game 最终版\Tank2\Debug\link.3372.write.1.tlog
C:\Users\mac\Desktop\tank game 最终版\Tank2\Debug\link.4316-cvtres.read.1.tlog
C:\Users\mac\Desktop\tank game 最终版\Tank2\Debug\link.4316-cvtres.write.1.tlog
C:\Users\mac\Desktop\tank game 最终版\Tank2\Debug\link.4316-rc.read.1.tlog
C:\Users\mac\Desktop\tank game 最终版\Tank2\Debug\link.4316-rc.write.1.tlog
C:\Users\mac\Desktop\tank game 最终版\Tank2\Debug\link.4316.read.1.tlog
C:\Users\mac\Desktop\tank game 最终版\Tank2\Debug\link.4316.write.1.tlog
C:\Users\mac\Desktop\tank game 最终版\Tank2\Debug\link.4344-cvtres.read.1.tlog
C:\Users\mac\Desktop\tank game 最终版\Tank2\Debug\link.4344-cvtres.write.1.tlog
C:\Users\mac\Desktop\tank game 最终版\Tank2\Debug\link.4344-rc.read.1.tlog
C:\Users\mac\Desktop\tank game 最终版\Tank2\Debug\link.4344-rc.write.1.tlog
C:\Users\mac\Desktop\tank game 最终版\Tank2\Debug\link.4344.read.1.tlog
C:\Users\mac\Desktop\tank game 最终版\Tank2\Debug\link.4344.write.1.tlog
C:\Users\mac\Desktop\tank game 最终版\Tank2\Debug\link.4796-cvtres.read.1.tlog
C:\Users\mac\Desktop\tank game 最终版\Tank2\Debug\link.4796-cvtres.write.1.tlog
C:\Users\mac\Desktop\tank game 最终版\Tank2\Debug\link.4796-rc.read.1.tlog
C:\Users\mac\Desktop\tank game 最终版\Tank2\Debug\link.4796-rc.write.1.tlog
C:\Users\mac\Desktop\tank game 最终版\Tank2\Debug\link.4796.read.1.tlog
C:\Users\mac\Desktop\tank game 最终版\Tank2\Debug\link.4796.write.1.tlog
C:\Users\mac\Desktop\tank game 最终版\Tank2\Debug\link.5400-cvtres.read.1.tlog
C:\Users\mac\Desktop\tank game 最终版\Tank2\Debug\link.5400-cvtres.write.1.tlog
C:\Users\mac\Desktop\tank game 最终版\Tank2\Debug\link.5400-rc.read.1.tlog
C:\Users\mac\Desktop\tank game 最终版\Tank2\Debug\link.5400-rc.write.1.tlog
C:\Users\mac\Desktop\tank game 最终版\Tank2\Debug\link.5400.read.1.tlog
C:\Users\mac\Desktop\tank game 最终版\Tank2\Debug\link.5400.write.1.tlog
C:\Users\mac\Desktop\tank game 最终版\Tank2\Debug\link.command.1.tlog
C:\Users\mac\Desktop\tank game 最终版\Tank2\Debug\link.read.1.tlog
C:\Users\mac\Desktop\tank game 最终版\Tank2\Debug\link.write.1.tlog
C:\Users\mac\Desktop\tank game 最终版\Tank2\Debug\vc110.idb
C:\Users\mac\Desktop\tank game 最终版\Tank2\Debug\vc110.pdb
C:\Users\mac\Desktop\tank game 最终版\Debug\Tank2.pdb
C:\Users\mac\Desktop\tank game 最终版\Debug\Tank2.exe
C:\Users\mac\Desktop\tank game 最终版\Debug\Tank2.ilk
