生成启动时间为 2017/7/16 15:56:31。
     1>项目“C:\Users\mac\Desktop\tank game 最终版 - 副本\Tank2\Tank2.vcxproj”在节点 2 上(Build 个目标)。
     1>ClCompile:
         C:\Program Files (x86)\Microsoft Visual Studio 11.0\VC\bin\CL.exe /c /ZI /nologo /W3 /WX- /Od /Oy- /D _MBCS /Gm /EHsc /RTC1 /MDd /GS /fp:precise /Zc:wchar_t /Zc:forScope /Fo"Debug\\" /Fd"Debug\vc110.pdb" /Gd /TC /analyze- /errorReport:prompt create_game.c tank.c ui.c
         ui.c
     1>c:\users\mac\desktop\tank game 最终版 - 副本\tank2\ui.c(302): warning C4101: “m”: 未引用的局部变量
         tank.c
         create_game.c
         正在生成代码...
     1>c:\users\mac\desktop\tank game 最终版 - 副本\tank2\tank.c(54): warning C4715: “GetTank”: 不是所有的控件路径都返回值
     1>c:\users\mac\desktop\tank game 最终版 - 副本\tank2\tank.c(136): warning C4715: “GetEnemy”: 不是所有的控件路径都返回值
     1>c:\users\mac\desktop\tank game 最终版 - 副本\tank2\tank.c(225): warning C4715: “GetEnemy2”: 不是所有的控件路径都返回值
     1>c:\users\mac\desktop\tank game 最终版 - 副本\tank2\tank.c(293): warning C4715: “GetEnemy1”: 不是所有的控件路径都返回值
     1>c:\users\mac\desktop\tank game 最终版 - 副本\tank2\tank.c(355): warning C4715: “GetEnemy3”: 不是所有的控件路径都返回值
     1>c:\users\mac\desktop\tank game 最终版 - 副本\tank2\tank.c(454): warning C4715: “GetWall1”: 不是所有的控件路径都返回值
     1>c:\users\mac\desktop\tank game 最终版 - 副本\tank2\tank.c(492): warning C4715: “GetWall2”: 不是所有的控件路径都返回值
       Link:
         C:\Program Files (x86)\Microsoft Visual Studio 11.0\VC\bin\link.exe /ERRORREPORT:PROMPT /OUT:"C:\Users\mac\Desktop\tank game 最终版 - 副本\Debug\Tank2.exe" /INCREMENTAL /NOLOGO kernel32.lib user32.lib gdi32.lib winspool.lib comdlg32.lib advapi32.lib shell32.lib ole32.lib oleaut32.lib uuid.lib odbc32.lib odbccp32.lib /MANIFEST /MANIFESTUAC:"level='asInvoker' uiAccess='false'" /manifest:embed /DEBUG /PDB:"C:\Users\mac\Desktop\tank game 最终版 - 副本\Debug\Tank2.pdb" /TLBID:1 /DYNAMICBASE /NXCOMPAT /IMPLIB:"C:\Users\mac\Desktop\tank game 最终版 - 副本\Debug\Tank2.lib" /MACHINE:X86 Debug\create_game.obj
         Debug\tank.obj
         Debug\ui.obj
         Tank2.vcxproj -> C:\Users\mac\Desktop\tank game 最终版 - 副本\Debug\Tank2.exe
     1>已完成生成项目“C:\Users\mac\Desktop\tank game 最终版 - 副本\Tank2\Tank2.vcxproj”(Build 个目标)的操作。

生成成功。

已用时间 00:00:01.85
