C:\USERS\MAC\DESKTOP\TANK GAME 最终版\TANK2\DEBUG\CREATE_GAME.OBJ
C:\USERS\MAC\DESKTOP\TANK GAME 最终版\TANK2\DEBUG\TANK.OBJ
C:\USERS\MAC\DESKTOP\TANK GAME 最终版\TANK2\DEBUG\UI.OBJ
C:\USERS\MAC\DESKTOP\TANK GAME 最终版\TANK2\DEBUG\VC110.PDB
C:\USERS\MAC\DESKTOP\TANK GAME 最终版\DEBUG\TANK2.ILK
C:\USERS\MAC\DESKTOP\TANK GAME 最终版\DEBUG\TANK2.EXE
C:\USERS\MAC\DESKTOP\TANK GAME 最终版\DEBUG\TANK2.PDB
C:\Users\mac\Desktop\tank game 最终版\Tank2\Debug\create_game.obj
C:\Users\mac\Desktop\tank game 最终版\Tank2\Debug\tank.obj
C:\Users\mac\Desktop\tank game 最终版\Tank2\Debug\ui.obj
C:\Users\mac\Desktop\tank game 最终版\Tank2\Debug\cl.command.1.tlog
C:\Users\mac\Desktop\tank game 最终版\Tank2\Debug\CL.read.1.tlog
C:\Users\mac\Desktop\tank game 最终版\Tank2\Debug\CL.write.1.tlog
C:\Users\mac\Desktop\tank game 最终版\Tank2\Debug\link-cvtres.read.1.tlog
C:\Users\mac\Desktop\tank game 最终版\Tank2\Debug\link-cvtres.write.1.tlog
C:\Users\mac\Desktop\tank game 最终版\Tank2\Debug\link-rc.read.1.tlog
C:\Users\mac\Desktop\tank game 最终版\Tank2\Debug\link-rc.write.1.tlog
C:\Users\mac\Desktop\tank game 最终版\Tank2\Debug\link.command.1.tlog
C:\Users\mac\Desktop\tank game 最终版\Tank2\Debug\link.read.1.tlog
C:\Users\mac\Desktop\tank game 最终版\Tank2\Debug\link.write.1.tlog
C:\Users\mac\Desktop\tank game 最终版\Tank2\Debug\vc110.idb
C:\Users\mac\Desktop\tank game 最终版\Tank2\Debug\vc110.pdb
C:\Users\mac\Desktop\tank game 最终版\Debug\Tank2.pdb
C:\Users\mac\Desktop\tank game 最终版\Debug\Tank2.exe
C:\Users\mac\Desktop\tank game 最终版\Debug\Tank2.ilk
